<?xml version="1.0" encoding="UTF-8"?>
<testsuite xmlns:xsi="http://www.w3.org/2001/XMLSchema-instance" xsi:noNamespaceSchemaLocation="https://maven.apache.org/surefire/maven-surefire-plugin/xsd/surefire-test-report.xsd" name="avalor.GreedyPlannerTest" time="0.028" tests="3" errors="0" skipped="0" failures="0">
  <properties>
[...]
</properties>
  <testcase name="testInit" classname="avalor.GreedyPlannerTest" time="0.002"/>
  <testcase name="testGridRestorationAfterDelay" classname="avalor.GreedyPlannerTest" time="0.001"/>
  <testcase name="testTakeStep" classname="avalor.GreedyPlannerTest" time="0"/>
</testsuite>